<?xml version="1.0" encoding="UTF-8"?>
<!-- Generated by org.testng.reporters.JUnitReportReporter -->
<testsuite hostname="DESKTOP-TCVE54T" failures="0" tests="1" name="testCases.TC002_LoginTest" time="2.741" errors="0" timestamp="2025-01-25T22:43:46 IST" skipped="0">
  <testcase classname="testCases.TC002_LoginTest" name="Verify_Login" time="2.741"/>
</testsuite> <!-- testCases.TC002_LoginTest -->
