<?xml version="1.0" encoding="UTF-8"?>
<!-- Generated by org.testng.reporters.JUnitReportReporter -->
<testsuite hostname="DESKTOP-TCVE54T" failures="0" tests="1" name="testCases.TC001_AccountRegistrationTest" time="4.111" errors="0" timestamp="2025-01-25T22:42:19 IST" skipped="0">
  <testcase classname="testCases.TC001_AccountRegistrationTest" name="verify_account_registration" time="4.111"/>
</testsuite> <!-- testCases.TC001_AccountRegistrationTest -->
