<?xml version="1.0" encoding="UTF-8"?>
<!-- Generated by org.testng.reporters.JUnitReportReporter -->
<testsuite hostname="DESKTOP-TCVE54T" failures="0" tests="1" name="testCases.TC002_LoginTest" time="2.820" errors="0" timestamp="2025-01-27T11:52:05 IST" skipped="0">
  <testcase classname="testCases.TC002_LoginTest" name="Verify_Login" time="2.820"/>
</testsuite> <!-- testCases.TC002_LoginTest -->
